<?xml version="1.0" encoding="UTF-8"?>
<testng-results skipped="0" failed="0" total="1" passed="1">
  <reporter-output>
  </reporter-output>
  <suite name="Suite" duration-ms="20690" started-at="2013-11-27T08:50:20Z" finished-at="2013-11-27T08:50:41Z">
    <groups>
    </groups>
    <test name="Test" duration-ms="20690" started-at="2013-11-27T08:50:20Z" finished-at="2013-11-27T08:50:41Z">
      <class name="com.yana.selenium.integration.qa.testscripts.web.sanity.FirstTest">
        <test-method status="PASS" signature="beforeMethod()[pri:0, instance:com.yana.selenium.integration.qa.testscripts.web.sanity.FirstTest@147ee05]" name="beforeMethod" is-config="true" duration-ms="13688" started-at="2013-11-27T14:20:20Z" finished-at="2013-11-27T14:20:34Z">
          <reporter-output>
          </reporter-output>
        </test-method> <!-- beforeMethod -->
        <test-method status="PASS" signature="firstTestCase()[pri:0, instance:com.yana.selenium.integration.qa.testscripts.web.sanity.FirstTest@147ee05]" name="firstTestCase" duration-ms="6808" started-at="2013-11-27T14:20:34Z" finished-at="2013-11-27T14:20:41Z">
          <reporter-output>
          </reporter-output>
        </test-method> <!-- firstTestCase -->
        <test-method status="PASS" signature="afterMethod()[pri:0, instance:com.yana.selenium.integration.qa.testscripts.web.sanity.FirstTest@147ee05]" name="afterMethod" is-config="true" duration-ms="180" started-at="2013-11-27T14:20:41Z" finished-at="2013-11-27T14:20:41Z">
          <reporter-output>
          </reporter-output>
        </test-method> <!-- afterMethod -->
      </class> <!-- com.yana.selenium.integration.qa.testscripts.web.sanity.FirstTest -->
    </test> <!-- Test -->
  </suite> <!-- Suite -->
</testng-results>
